<?xml version="1.0" encoding="UTF-8"?>
<testsuite name="JUnit Jupiter" tests="0" skipped="0" failures="0" errors="0" time="0" hostname="vladimirrim-osx" timestamp="2019-05-13T12:39:16">
<properties>
<property name="awt.toolkit" value="sun.lwawt.macosx.LWCToolkit"/>
<property name="file.encoding" value="UTF-8"/>
<property name="file.separator" value="/"/>
<property name="ftp.nonProxyHosts" value="local|*.local|169.254/16|*.169.254/16"/>
<property name="gopherProxySet" value="false"/>
<property name="http.nonProxyHosts" value="local|*.local|169.254/16|*.169.254/16"/>
<property name="java.awt.graphicsenv" value="sun.awt.CGraphicsEnvironment"/>
<property name="java.awt.printerjob" value="sun.lwawt.macosx.CPrinterJob"/>
<property name="java.class.path" value="/Users/vladimirrim/op/projects/Spek/build/classes/java/test:/Users/vladimirrim/op/projects/Spek/build/classes/kotlin/test:/Users/vladimirrim/op/projects/Spek/build/resources/test:/Users/vladimirrim/op/projects/Spek/build/classes/java/main:/Users/vladimirrim/op/projects/Spek/build/classes/kotlin/main:/Users/vladimirrim/op/projects/Spek/build/resources/main:/Users/vladimirrim/.gradle/caches/modules-2/files-2.1/org.jetbrains.kotlin/kotlin-reflect/1.2.61/6fd5bcfc9ffc446dd147ea006bee7ef5f0ad8ca4/kotlin-reflect-1.2.61.jar:/Users/vladimirrim/.gradle/caches/modules-2/files-2.1/org.jetbrains.kotlin/kotlin-stdlib/1.2.61/5bc44acc4b3f0d19166ae3e50454b41e8ff29335/kotlin-stdlib-1.2.61.jar:/Users/vladimirrim/.gradle/caches/modules-2/files-2.1/org.jetbrains.spek/spek-junit-platform-engine/1.1.5/84bbc6c2b61230b5921458b87332672d08fdc1e3/spek-junit-platform-engine-1.1.5.jar:/Users/vladimirrim/.gradle/caches/modules-2/files-2.1/org.jetbrains.spek/spek-api/1.1.5/bc19a88a54bb18edc9dd64d79b42f32b3215f1ca/spek-api-1.1.5.jar:/Users/vladimirrim/.gradle/caches/modules-2/files-2.1/org.junit.jupiter/junit-jupiter-engine/5.2.0/de87318ccd3dfa1a98ebfef792d362776f1914de/junit-jupiter-engine-5.2.0.jar:/Users/vladimirrim/.gradle/caches/modules-2/files-2.1/org.junit.jupiter/junit-jupiter-api/5.2.0/9cd901df48d88d8e605a6ccb2c3f140c92db6bf2/junit-jupiter-api-5.2.0.jar:/Users/vladimirrim/.gradle/caches/modules-2/files-2.1/org.jetbrains.kotlin/kotlin-stdlib-common/1.2.61/772de03e12d932f489e41aef997d26c20a4ebee6/kotlin-stdlib-common-1.2.61.jar:/Users/vladimirrim/.gradle/caches/modules-2/files-2.1/org.jetbrains/annotations/13.0/919f0dfe192fb4e063e7dacadee7f8bb9a2672a9/annotations-13.0.jar:/Users/vladimirrim/.gradle/caches/modules-2/files-2.1/org.junit.platform/junit-platform-engine/1.2.0/35fa3529ce843ada1a10b0909ccb4a8148ee638d/junit-platform-engine-1.2.0.jar:/Users/vladimirrim/.gradle/caches/modules-2/files-2.1/org.junit.platform/junit-platform-commons/1.2.0/dbce1d822d3dc6c61703b340cd79018518685451/junit-platform-commons-1.2.0.jar:/Users/vladimirrim/.gradle/caches/modules-2/files-2.1/org.apiguardian/apiguardian-api/1.0.0/3ef5276905e36f4d8055fe3cb0bdcc7503ffc85d/apiguardian-api-1.0.0.jar:/Users/vladimirrim/.gradle/caches/modules-2/files-2.1/org.opentest4j/opentest4j/1.1.0/c8e2a3e3bc7f3e4bb5075306452db5290f9b117a/opentest4j-1.1.0.jar:/Users/vladimirrim/.gradle/caches/modules-2/files-2.1/org.junit.platform/junit-platform-console/1.0.0/2931079616796bc4537f7e3c236f8fdfe7e51237/junit-platform-console-1.0.0.jar:/Users/vladimirrim/.gradle/caches/modules-2/files-2.1/org.junit.platform/junit-platform-launcher/1.0.0/5602a195a442636276efefce2a4c7b418cd67e5c/junit-platform-launcher-1.0.0.jar:/Users/vladimirrim/.gradle/caches/modules-2/files-2.1/org.junit.platform/junit-platform-engine/1.0.0/fdc6f63a689b894529ea5e9e218b65422748fd/junit-platform-engine-1.0.0.jar:/Users/vladimirrim/.gradle/caches/modules-2/files-2.1/org.junit.platform/junit-platform-commons/1.0.0/d2e03d9b21020746d48fe45834ff7d71fbcbd7b2/junit-platform-commons-1.0.0.jar:/Users/vladimirrim/.gradle/caches/modules-2/files-2.1/org.opentest4j/opentest4j/1.0.0/6f09c598e9ff64bf0ce2fa7e7de49a99ba83c0b4/opentest4j-1.0.0.jar"/>
<property name="java.class.version" value="55.0"/>
<property name="java.home" value="/Users/vladimirrim/.sdkman/candidates/java/11.0.2-open"/>
<property name="java.io.tmpdir" value="/var/folders/t2/8_pk3zzs10v4hx34ftkljqcs891_t8/T/"/>
<property name="java.library.path" value="/Users/vladimirrim/Library/Java/Extensions:/Library/Java/Extensions:/Network/Library/Java/Extensions:/System/Library/Java/Extensions:/usr/lib/java:."/>
<property name="java.runtime.name" value="OpenJDK Runtime Environment"/>
<property name="java.runtime.version" value="11.0.2+9"/>
<property name="java.specification.name" value="Java Platform API Specification"/>
<property name="java.specification.vendor" value="Oracle Corporation"/>
<property name="java.specification.version" value="11"/>
<property name="java.vendor" value="Oracle Corporation"/>
<property name="java.vendor.url" value="http://java.oracle.com/"/>
<property name="java.vendor.url.bug" value="http://bugreport.java.com/bugreport/"/>
<property name="java.vendor.version" value="18.9"/>
<property name="java.version" value="11.0.2"/>
<property name="java.version.date" value="2019-01-15"/>
<property name="java.vm.compressedOopsMode" value="Zero based"/>
<property name="java.vm.info" value="mixed mode"/>
<property name="java.vm.name" value="OpenJDK 64-Bit Server VM"/>
<property name="java.vm.specification.name" value="Java Virtual Machine Specification"/>
<property name="java.vm.specification.vendor" value="Oracle Corporation"/>
<property name="java.vm.specification.version" value="11"/>
<property name="java.vm.vendor" value="Oracle Corporation"/>
<property name="java.vm.version" value="11.0.2+9"/>
<property name="jdk.debug" value="release"/>
<property name="line.separator" value="
"/>
<property name="os.arch" value="x86_64"/>
<property name="os.name" value="Mac OS X"/>
<property name="os.version" value="10.14.4"/>
<property name="path.separator" value=":"/>
<property name="socksNonProxyHosts" value="local|*.local|169.254/16|*.169.254/16"/>
<property name="sun.arch.data.model" value="64"/>
<property name="sun.boot.library.path" value="/Users/vladimirrim/.sdkman/candidates/java/11.0.2-open/lib"/>
<property name="sun.cpu.endian" value="little"/>
<property name="sun.cpu.isalist" value=""/>
<property name="sun.io.unicode.encoding" value="UnicodeBig"/>
<property name="sun.java.command" value="org.junit.platform.console.ConsoleLauncher --details NONE --scan-class-path /Users/vladimirrim/op/projects/Spek/build/classes/java/main:/Users/vladimirrim/op/projects/Spek/build/classes/kotlin/main:/Users/vladimirrim/op/projects/Spek/build/resources/main:/Users/vladimirrim/op/projects/Spek/build/classes/java/test:/Users/vladimirrim/op/projects/Spek/build/classes/kotlin/test:/Users/vladimirrim/op/projects/Spek/build/resources/test -n ^.*Tests?$ --reports-dir /Users/vladimirrim/op/projects/Spek/build/test-results/junit-platform"/>
<property name="sun.java.launcher" value="SUN_STANDARD"/>
<property name="sun.jnu.encoding" value="UTF-8"/>
<property name="sun.management.compiler" value="HotSpot 64-Bit Tiered Compilers"/>
<property name="sun.os.patch.level" value="unknown"/>
<property name="user.country" value="US"/>
<property name="user.dir" value="/Users/vladimirrim/op/projects/Spek"/>
<property name="user.home" value="/Users/vladimirrim"/>
<property name="user.language" value="en"/>
<property name="user.name" value="vladimirrim"/>
<property name="user.timezone" value="Europe/Moscow"/>
<property name="user.variant" value=""/>
</properties>
<system-out><![CDATA[
unique-id: [engine:junit-jupiter]
display-name: JUnit Jupiter
]]></system-out>
</testsuite>
